#
# A fatal error has been detected by the Java Runtime Environment:
#
#  EXCEPTION_ACCESS_VIOLATION (0xc0000005) at pc=0x0000000003a4695b, pid=9924, tid=0x0000000000004ad8
#
# JRE version: OpenJDK Runtime Environment (8.0_202-b03) (build 1.8.0_202-release-1483-b03)
# Java VM: OpenJDK 64-Bit Server VM (25.202-b03 mixed mode windows-amd64 compressed oops)
# Problematic frame:
# j  org.gradle.api.internal.attributes.DefaultImmutableAttributes.findEntry(Ljava/lang/String;)Lorg/gradle/api/internal/attributes/AttributeValue;+21
#
# Failed to write core dump. Minidumps are not enabled by default on client versions of Windows
#
# If you would like to submit a bug report, please visit:
#   http://bugreport.java.com/bugreport/crash.jsp
#

---------------  T H R E A D  ---------------

Current thread (0x000000001d99c800):  JavaThread "Daemon worker Thread 4" [_thread_in_Java, id=19160, stack(0x000000001c790000,0x000000001c890000)]

siginfo: ExceptionCode=0xc0000005, reading address 0x000000075010e830

Registers:
RAX=0x00000001003a60f8, RBX=0x000000075010e800, RCX=0x0000000000000030, RDX=0x00000000ea021e50
RSP=0x000000001c88b268, RBP=0x000000001c88b2a8, RSI=0x0000000021097a20, RDI=0x0000000000000001
R8 =0x0000000003633a80, R9 =0x0000000000000001, R10=0x000000007276a470, R11=0x000000001c88b220
R12=0x0000000000000000, R13=0x0000000021c924a5, R14=0x000000001c88b2c8, R15=0x000000001d99c800
RIP=0x0000000003a4695b, EFLAGS=0x0000000000010212

Top of Stack: (sp=0x000000001c88b268)
0x000000001c88b268:   000000001c88b268 0000000021c924a5
0x000000001c88b278:   000000001c88b2c8 0000000021c92fd0
0x000000001c88b288:   0000000024ee3bf8 0000000021c924e8
0x000000001c88b298:   0000000000000000 000000001c88b2c0
0x000000001c88b2a8:   000000001c88b310 0000000003a27ef4
0x000000001c88b2b8:   0000000000000000 0000000000000000
0x000000001c88b2c8:   0000000000000000 000000001c88b2d0
0x000000001c88b2d8:   0000000020319dd8 000000001c88b378
0x000000001c88b2e8:   000000002031a6e0 000000002641f7f0
0x000000001c88b2f8:   0000000020319eb0 000000001c88b2c0
0x000000001c88b308:   000000001c88b380 00000000ea95c3a8
0x000000001c88b318:   0000000004890724 0000000000000000
0x000000001c88b328:   0000000000000000 0000000000000000
0x000000001c88b338:   00000000ea033d20 00000000a0809da0
0x000000001c88b348:   00000000ea95cf68 00000000ea021b50
0x000000001c88b358:   00000000ea0a8958 0000000000000000 

Instructions: (pc=0x0000000003a4695b)
0x0000000003a4693b:   89 59 10 bf 01 00 00 00 48 89 79 18 48 83 c1 30
0x0000000003a4694b:   48 89 4d e0 48 3b d8 0f 84 5b 00 00 00 8b 48 0c
0x0000000003a4695b:   48 3b 04 0b 0f 84 4e 00 00 00 83 f9 18 0f 85 22
0x0000000003a4696b:   00 00 00 50 48 8b c0 57 48 8b 7b 20 8b 0f 48 83 


Register to memory mapping:

RAX=0x00000001003a60f8 is pointing into metadata
RBX=0x000000075010e800 is an unknown value
RCX=0x0000000000000030 is an unknown value
RDX=0x00000000ea021e50 is an oop

[error occurred during error reporting (printing register info), id 0xc0000005]

Stack: [0x000000001c790000,0x000000001c890000],  sp=0x000000001c88b268,  free space=1004k
Native frames: (J=compiled Java code, j=interpreted, Vv=VM code, C=native code)
C  0x0000000003a4695b


---------------  P R O C E S S  ---------------

Java Threads: ( => current thread )
  0x000000001a67a800 JavaThread "Cache worker for file content cache (F:\AndroidStudioProjects\HelloWorld\.gradle\5.4.1\fileContent)" [_thread_blocked, id=19292, stack(0x00000000273e0000,0x00000000274e0000)]
  0x000000001a681000 JavaThread "Cache worker for Build Output Cleanup Cache (F:\AndroidStudioProjects\HelloWorld\.gradle\buildOutputCleanup)" [_thread_blocked, id=19272, stack(0x0000000026f30000,0x0000000027030000)]
  0x000000001a67f800 JavaThread "Build operations Thread 8" [_thread_blocked, id=19268, stack(0x0000000024dd0000,0x0000000024ed0000)]
  0x000000001a680800 JavaThread "Build operations Thread 7" [_thread_blocked, id=19280, stack(0x0000000024cd0000,0x0000000024dd0000)]
  0x000000001d9a6000 JavaThread "Build operations Thread 6" [_thread_blocked, id=19276, stack(0x0000000024bd0000,0x0000000024cd0000)]
  0x000000001d99e000 JavaThread "Build operations Thread 5" [_thread_blocked, id=19256, stack(0x0000000024ad0000,0x0000000024bd0000)]
  0x000000001d9a5000 JavaThread "Build operations Thread 4" [_thread_blocked, id=19252, stack(0x00000000237b0000,0x00000000238b0000)]
  0x000000001d9a3800 JavaThread "Build operations Thread 3" [_thread_blocked, id=19264, stack(0x00000000236b0000,0x00000000237b0000)]
  0x000000001d9a2800 JavaThread "Build operations Thread 2" [_thread_blocked, id=19260, stack(0x00000000235b0000,0x00000000236b0000)]
  0x000000001d99b000 JavaThread "Build operations" [_thread_blocked, id=19240, stack(0x00000000234b0000,0x00000000235b0000)]
  0x000000001d9a2000 JavaThread "Cache worker for cache directory md-rule (C:\Users\admin\.gradle\caches\5.4.1\md-rule)" [_thread_blocked, id=19248, stack(0x00000000233b0000,0x00000000234b0000)]
  0x000000001d99a800 JavaThread "Cache worker for cache directory md-supplier (C:\Users\admin\.gradle\caches\5.4.1\md-supplier)" [_thread_blocked, id=19244, stack(0x0000000021de0000,0x0000000021ee0000)]
  0x000000001d99d800 JavaThread "Cache worker for file hash cache (F:\AndroidStudioProjects\HelloWorld\.gradle\5.4.1\fileHashes)" [_thread_blocked, id=19192, stack(0x0000000020a90000,0x0000000020b90000)]
  0x000000001d9a1000 JavaThread "Thread-108" [_thread_blocked, id=19180, stack(0x0000000020750000,0x0000000020850000)]
  0x000000001d99f800 JavaThread "Stdin handler" [_thread_blocked, id=19176, stack(0x000000001cb90000,0x000000001cc90000)]
  0x000000001d99c000 JavaThread "Asynchronous log dispatcher for DefaultDaemonConnection: socket connection from /127.0.0.1:50493 to /127.0.0.1:50734" [_thread_blocked, id=19172, stack(0x000000001c890000,0x000000001c990000)]
=>0x000000001d99c800 JavaThread "Daemon worker Thread 4" [_thread_in_Java, id=19160, stack(0x000000001c790000,0x000000001c890000)]
  0x000000001d999000 JavaThread "Cancel handler" [_thread_blocked, id=19156, stack(0x000000001c490000,0x000000001c590000)]
  0x000000001d997800 JavaThread "Handler for socket connection from /127.0.0.1:50493 to /127.0.0.1:50734" [_thread_in_native, id=19132, stack(0x000000001c190000,0x000000001c290000)]
  0x000000001d998000 JavaThread "Daemon Thread 4" [_thread_blocked, id=19128, stack(0x0000000000720000,0x0000000000820000)]
  0x000000001d999800 JavaThread "Cache worker for Java compile cache (C:\Users\admin\.gradle\caches\5.4.1\javaCompile)" [_thread_blocked, id=16612, stack(0x0000000029440000,0x0000000029540000)]
  0x000000001e965800 JavaThread "Cache worker for file content cache (C:\Users\admin\.gradle\caches\5.4.1\fileContent)" [_thread_blocked, id=16964, stack(0x0000000026e30000,0x0000000026f30000)]
  0x000000001a67f000 JavaThread "Memory manager" [_thread_blocked, id=13016, stack(0x00000000259c0000,0x0000000025ac0000)]
  0x000000001e964800 JavaThread "Cache worker for execution history cache (C:\Users\admin\.gradle\caches\5.4.1\executionHistory)" [_thread_blocked, id=252, stack(0x0000000021ee0000,0x0000000021fe0000)]
  0x000000001b9fc800 JavaThread "Cache worker for journal cache (C:\Users\admin\.gradle\caches\journal-1)" [_thread_blocked, id=12796, stack(0x000000001e060000,0x000000001e160000)]
  0x000000001b9f8000 JavaThread "File lock request listener" [_thread_in_native, id=9928, stack(0x000000001df60000,0x000000001e060000)]
  0x000000001b9f7000 JavaThread "Cache worker for file hash cache (C:\Users\admin\.gradle\caches\5.4.1\fileHashes)" [_thread_blocked, id=9624, stack(0x000000001dc60000,0x000000001dd60000)]
  0x000000001b9c3000 JavaThread "Daemon periodic checks" [_thread_blocked, id=13132, stack(0x000000001c080000,0x000000001c180000)]
  0x000000001b914000 JavaThread "Incoming local TCP Connector on port 50493" [_thread_in_native, id=11368, stack(0x000000001bf80000,0x000000001c080000)]
  0x000000001b79b000 JavaThread "Daemon health stats" [_thread_blocked, id=11608, stack(0x000000001bc80000,0x000000001bd80000)]
  0x0000000019659000 JavaThread "Service Thread" daemon [_thread_blocked, id=12116, stack(0x000000001a2b0000,0x000000001a3b0000)]
  0x000000001964b000 JavaThread "C1 CompilerThread3" daemon [_thread_blocked, id=12772, stack(0x000000001a1b0000,0x000000001a2b0000)]
  0x0000000019641000 JavaThread "C2 CompilerThread2" daemon [_thread_blocked, id=1648, stack(0x000000001a0b0000,0x000000001a1b0000)]
  0x00000000177eb800 JavaThread "C2 CompilerThread1" daemon [_thread_in_native, id=11452, stack(0x0000000019fb0000,0x000000001a0b0000)]
  0x00000000177e8000 JavaThread "C2 CompilerThread0" daemon [_thread_blocked, id=13840, stack(0x0000000019db0000,0x0000000019eb0000)]
  0x00000000195ed000 JavaThread "Attach Listener" daemon [_thread_blocked, id=5896, stack(0x0000000019cb0000,0x0000000019db0000)]
  0x0000000019640000 JavaThread "Signal Dispatcher" daemon [_thread_blocked, id=11192, stack(0x0000000019bb0000,0x0000000019cb0000)]
  0x0000000003a1d800 JavaThread "Finalizer" daemon [_thread_blocked, id=4656, stack(0x0000000019ab0000,0x0000000019bb0000)]
  0x0000000003a15800 JavaThread "Reference Handler" daemon [_thread_blocked, id=14056, stack(0x00000000199b0000,0x0000000019ab0000)]
  0x000000000381d800 JavaThread "main" [_thread_blocked, id=1368, stack(0x0000000003820000,0x0000000003920000)]

Other Threads:
  0x00000000177d8000 VMThread [stack: 0x00000000194b0000,0x00000000195b0000] [id=1672]
  0x000000001965a800 WatcherThread [stack: 0x000000001a3b0000,0x000000001a4b0000] [id=6216]

VM state:not at safepoint (normal execution)

VM Mutex/Monitor currently owned by a thread: None

heap address: 0x00000000a0000000, size: 1536 MB, Compressed Oops mode: 32-bit
Narrow klass base: 0x0000000000000000, Narrow klass shift: 3
Compressed class space size: 1073741824 Address: 0x0000000100000000

Heap:
 PSYoungGen      total 452608K, used 180109K [0x00000000e0000000, 0x0000000100000000, 0x0000000100000000)
  eden space 413184K, 42% used [0x00000000e0000000,0x00000000ea978ec8,0x00000000f9380000)
  from space 39424K, 16% used [0x00000000f9380000,0x00000000f99ea570,0x00000000fba00000)
  to   space 38912K, 0% used [0x00000000fda00000,0x00000000fda00000,0x0000000100000000)
 ParOldGen       total 365056K, used 75120K [0x00000000a0000000, 0x00000000b6480000, 0x00000000e0000000)
  object space 365056K, 20% used [0x00000000a0000000,0x00000000a495c308,0x00000000b6480000)
 Metaspace       used 95397K, capacity 99520K, committed 100864K, reserved 1136640K
  class space    used 12225K, capacity 12978K, committed 13312K, reserved 1048576K

Card table byte_map: [0x0000000012de0000,0x00000000130f0000] byte_map_base: 0x00000000128e0000

Marking Bits: (ParMarkBitMap*) 0x0000000072779f30
 Begin Bits: [0x0000000013af0000, 0x00000000152f0000)
 End Bits:   [0x00000000152f0000, 0x0000000016af0000)

Polling page: 0x0000000003670000

CodeCache: size=245760Kb used=59500Kb max_used=59520Kb free=186259Kb
 bounds [0x0000000003a20000, 0x0000000007490000, 0x0000000012a20000]
 total_blobs=17764 nmethods=16870 adapters=804
 compilation: enabled

Compilation events (10 events):
Event: 5439.018 Thread 0x000000001964b000 nmethod 21097 0x0000000007472410 code [0x00000000074725c0, 0x0000000007472bc8]
Event: 5439.018 Thread 0x000000001964b000 21095       3       org.gradle.api.internal.artifacts.ivyservice.resolveengine.result.FileDependencyCollectingGraphVisitor::visitNode (1 bytes)
Event: 5439.018 Thread 0x000000001964b000 nmethod 21095 0x00000000074720d0 code [0x0000000007472220, 0x0000000007472370]
Event: 5439.018 Thread 0x000000001964b000 21096       3       org.gradle.api.internal.artifacts.ivyservice.resolveengine.artifact.DefaultResolvedArtifactsBuilder::visitNode (1 bytes)
Event: 5439.018 Thread 0x000000001964b000 nmethod 21096 0x0000000007473850 code [0x00000000074739a0, 0x0000000007473af0]
Event: 5439.018 Thread 0x000000001964b000 21099       1       org.gradle.api.internal.artifacts.ivyservice.resolveengine.graph.builder.ComponentState::setVisitState (6 bytes)
Event: 5439.018 Thread 0x000000001964b000 nmethod 21099 0x0000000007473b90 code [0x0000000007473ce0, 0x0000000007473e10]
Event: 5439.018 Thread 0x000000001964b000 21100       3       org.gradle.api.internal.artifacts.ivyservice.resolveengine.oldresult.ResolutionFailureCollector::visitEdges (1 bytes)
Event: 5439.019 Thread 0x000000001964b000 nmethod 21100 0x0000000007473e90 code [0x0000000007473fe0, 0x0000000007474130]
Event: 5439.024 Thread 0x00000000177e8000 nmethod 21098 0x0000000007475310 code [0x00000000074754c0, 0x00000000074759a8]

GC Heap History (10 events):
Event: 2137.560 GC heap before
{Heap before GC invocations=29 (full 3):
 PSYoungGen      total 340992K, used 79948K [0x00000000e0000000, 0x00000000fa300000, 0x0000000100000000)
  eden space 299008K, 21% used [0x00000000e0000000,0x00000000e3fb7938,0x00000000f2400000)
  from space 41984K, 35% used [0x00000000f2400000,0x00000000f325b6c8,0x00000000f4d00000)
  to   space 40960K, 0% used [0x00000000f7b00000,0x00000000f7b00000,0x00000000fa300000)
 ParOldGen       total 281088K, used 86596K [0x00000000a0000000, 0x00000000b1280000, 0x00000000e0000000)
  object space 281088K, 30% used [0x00000000a0000000,0x00000000a54910d8,0x00000000b1280000)
 Metaspace       used 93653K, capacity 98472K, committed 98496K, reserved 1134592K
  class space    used 12134K, capacity 13035K, committed 13056K, reserved 1048576K
Event: 2137.575 GC heap after
Heap after GC invocations=29 (full 3):
 PSYoungGen      total 389632K, used 15465K [0x00000000e0000000, 0x00000000fa880000, 0x0000000100000000)
  eden space 348672K, 0% used [0x00000000e0000000,0x00000000e0000000,0x00000000f5480000)
  from space 40960K, 37% used [0x00000000f7b00000,0x00000000f8a1a580,0x00000000fa300000)
  to   space 39424K, 0% used [0x00000000f5480000,0x00000000f5480000,0x00000000f7b00000)
 ParOldGen       total 281088K, used 87468K [0x00000000a0000000, 0x00000000b1280000, 0x00000000e0000000)
  object space 281088K, 31% used [0x00000000a0000000,0x00000000a556b0f8,0x00000000b1280000)
 Metaspace       used 93653K, capacity 98472K, committed 98496K, reserved 1134592K
  class space    used 12134K, capacity 13035K, committed 13056K, reserved 1048576K
}
Event: 2137.575 GC heap before
{Heap before GC invocations=30 (full 4):
 PSYoungGen      total 389632K, used 15465K [0x00000000e0000000, 0x00000000fa880000, 0x0000000100000000)
  eden space 348672K, 0% used [0x00000000e0000000,0x00000000e0000000,0x00000000f5480000)
  from space 40960K, 37% used [0x00000000f7b00000,0x00000000f8a1a580,0x00000000fa300000)
  to   space 39424K, 0% used [0x00000000f5480000,0x00000000f5480000,0x00000000f7b00000)
 ParOldGen       total 281088K, used 87468K [0x00000000a0000000, 0x00000000b1280000, 0x00000000e0000000)
  object space 281088K, 31% used [0x00000000a0000000,0x00000000a556b0f8,0x00000000b1280000)
 Metaspace       used 93653K, capacity 98472K, committed 98496K, reserved 1134592K
  class space    used 12134K, capacity 13035K, committed 13056K, reserved 1048576K
Event: 2137.914 GC heap after
Heap after GC invocations=30 (full 4):
 PSYoungGen      total 389632K, used 0K [0x00000000e0000000, 0x00000000fa880000, 0x0000000100000000)
  eden space 348672K, 0% used [0x00000000e0000000,0x00000000e0000000,0x00000000f5480000)
  from space 40960K, 0% used [0x00000000f7b00000,0x00000000f7b00000,0x00000000fa300000)
  to   space 39424K, 0% used [0x00000000f5480000,0x00000000f5480000,0x00000000f7b00000)
 ParOldGen       total 365056K, used 63812K [0x00000000a0000000, 0x00000000b6480000, 0x00000000e0000000)
  object space 365056K, 17% used [0x00000000a0000000,0x00000000a3e51228,0x00000000b6480000)
 Metaspace       used 92526K, capacity 96068K, committed 98496K, reserved 1134592K
  class space    used 11865K, capacity 12556K, committed 13056K, reserved 1048576K
}
Event: 2138.682 GC heap before
{Heap before GC invocations=31 (full 4):
 PSYoungGen      total 389632K, used 348672K [0x00000000e0000000, 0x00000000fa880000, 0x0000000100000000)
  eden space 348672K, 100% used [0x00000000e0000000,0x00000000f5480000,0x00000000f5480000)
  from space 40960K, 0% used [0x00000000f7b00000,0x00000000f7b00000,0x00000000fa300000)
  to   space 39424K, 0% used [0x00000000f5480000,0x00000000f5480000,0x00000000f7b00000)
 ParOldGen       total 365056K, used 63812K [0x00000000a0000000, 0x00000000b6480000, 0x00000000e0000000)
  object space 365056K, 17% used [0x00000000a0000000,0x00000000a3e51228,0x00000000b6480000)
 Metaspace       used 92740K, capacity 96348K, committed 98752K, reserved 1134592K
  class space    used 11897K, capacity 12576K, committed 13056K, reserved 1048576K
Event: 2138.703 GC heap after
Heap after GC invocations=31 (full 4):
 PSYoungGen      total 388096K, used 7121K [0x00000000e0000000, 0x00000000fe480000, 0x0000000100000000)
  eden space 348672K, 0% used [0x00000000e0000000,0x00000000e0000000,0x00000000f5480000)
  from space 39424K, 18% used [0x00000000f5480000,0x00000000f5b74770,0x00000000f7b00000)
  to   space 39424K, 0% used [0x00000000fbe00000,0x00000000fbe00000,0x00000000fe480000)
 ParOldGen       total 365056K, used 63820K [0x00000000a0000000, 0x00000000b6480000, 0x00000000e0000000)
  object space 365056K, 17% used [0x00000000a0000000,0x00000000a3e53228,0x00000000b6480000)
 Metaspace       used 92740K, capacity 96348K, committed 98752K, reserved 1134592K
  class space    used 11897K, capacity 12576K, committed 13056K, reserved 1048576K
}
Event: 2139.910 GC heap before
{Heap before GC invocations=32 (full 4):
 PSYoungGen      total 388096K, used 355793K [0x00000000e0000000, 0x00000000fe480000, 0x0000000100000000)
  eden space 348672K, 100% used [0x00000000e0000000,0x00000000f5480000,0x00000000f5480000)
  from space 39424K, 18% used [0x00000000f5480000,0x00000000f5b74770,0x00000000f7b00000)
  to   space 39424K, 0% used [0x00000000fbe00000,0x00000000fbe00000,0x00000000fe480000)
 ParOldGen       total 365056K, used 63820K [0x00000000a0000000, 0x00000000b6480000, 0x00000000e0000000)
  object space 365056K, 17% used [0x00000000a0000000,0x00000000a3e53228,0x00000000b6480000)
 Metaspace       used 92873K, capacity 96440K, committed 98752K, reserved 1134592K
  class space    used 11907K, capacity 12580K, committed 13056K, reserved 1048576K
Event: 2139.934 GC heap after
Heap after GC invocations=32 (full 4):
 PSYoungGen      total 448512K, used 6464K [0x00000000e0000000, 0x00000000fe080000, 0x0000000100000000)
  eden space 413184K, 0% used [0x00000000e0000000,0x00000000e0000000,0x00000000f9380000)
  from space 35328K, 18% used [0x00000000fbe00000,0x00000000fc450010,0x00000000fe080000)
  to   space 39424K, 0% used [0x00000000f9380000,0x00000000f9380000,0x00000000fba00000)
 ParOldGen       total 365056K, used 69496K [0x00000000a0000000, 0x00000000b6480000, 0x00000000e0000000)
  object space 365056K, 19% used [0x00000000a0000000,0x00000000a43de2d8,0x00000000b6480000)
 Metaspace       used 92873K, capacity 96440K, committed 98752K, reserved 1134592K
  class space    used 11907K, capacity 12580K, committed 13056K, reserved 1048576K
}
Event: 2143.013 GC heap before
{Heap before GC invocations=33 (full 4):
 PSYoungGen      total 448512K, used 419648K [0x00000000e0000000, 0x00000000fe080000, 0x0000000100000000)
  eden space 413184K, 100% used [0x00000000e0000000,0x00000000f9380000,0x00000000f9380000)
  from space 35328K, 18% used [0x00000000fbe00000,0x00000000fc450010,0x00000000fe080000)
  to   space 39424K, 0% used [0x00000000f9380000,0x00000000f9380000,0x00000000fba00000)
 ParOldGen       total 365056K, used 69496K [0x00000000a0000000, 0x00000000b6480000, 0x00000000e0000000)
  object space 365056K, 19% used [0x00000000a0000000,0x00000000a43de2d8,0x00000000b6480000)
 Metaspace       used 94366K, capacity 98048K, committed 100096K, reserved 1136640K
  class space    used 12118K, capacity 12842K, committed 13312K, reserved 1048576K
Event: 2143.029 GC heap after
Heap after GC invocations=33 (full 4):
 PSYoungGen      total 452608K, used 6569K [0x00000000e0000000, 0x0000000100000000, 0x0000000100000000)
  eden space 413184K, 0% used [0x00000000e0000000,0x00000000e0000000,0x00000000f9380000)
  from space 39424K, 16% used [0x00000000f9380000,0x00000000f99ea570,0x00000000fba00000)
  to   space 38912K, 0% used [0x00000000fda00000,0x00000000fda00000,0x0000000100000000)
 ParOldGen       total 365056K, used 75120K [0x00000000a0000000, 0x00000000b6480000, 0x00000000e0000000)
  object space 365056K, 20% used [0x00000000a0000000,0x00000000a495c308,0x00000000b6480000)
 Metaspace       used 94366K, capacity 98048K, committed 100096K, reserved 1136640K
  class space    used 12118K, capacity 12842K, committed 13312K, reserved 1048576K
}

Deoptimization events (10 events):
Event: 2233.473 Thread 0x000000001d99a800 Uncommon trap: reason=unstable_if action=reinterpret pc=0x0000000003b36ea0 method=java.util.concurrent.ConcurrentLinkedQueue.updateHead(Ljava/util/concurrent/ConcurrentLinkedQueue$Node;Ljava/util/concurrent/ConcurrentLinkedQueue$Node;)V @ 11
Event: 2233.949 Thread 0x000000001d9a1000 Uncommon trap: reason=predicate action=maybe_recompile pc=0x00000000063d3de0 method=java.lang.String.regionMatches(ZILjava/lang/String;II)Z @ 63
Event: 2234.317 Thread 0x000000001a67c800 Uncommon trap: reason=unstable_if action=reinterpret pc=0x00000000045169ec method=com.esotericsoftware.kryo.io.Input.require(I)I @ 180
Event: 5438.454 Thread 0x000000001d997800 Uncommon trap: reason=class_check action=maybe_recompile pc=0x0000000005460fa0 method=java.lang.reflect.Array.newInstance(Ljava/lang/Class;I)Ljava/lang/Object; @ 2
Event: 5438.470 Thread 0x000000001d998000 Uncommon trap: reason=unstable_if action=reinterpret pc=0x0000000005193de8 method=org.gradle.internal.logging.console.StyledTextOutputBackedRenderer.onOutput(Lorg/gradle/internal/logging/events/OutputEvent;)V @ 80
Event: 5438.970 Thread 0x000000001d99c800 Uncommon trap: reason=class_check action=maybe_recompile pc=0x00000000074440d8 method=sun.reflect.DelegatingConstructorAccessorImpl.newInstance([Ljava/lang/Object;)Ljava/lang/Object; @ 5
Event: 5438.970 Thread 0x000000001d99c800 Uncommon trap: reason=class_check action=maybe_recompile pc=0x00000000074440d8 method=sun.reflect.DelegatingConstructorAccessorImpl.newInstance([Ljava/lang/Object;)Ljava/lang/Object; @ 5
Event: 5438.970 Thread 0x000000001d99c800 Uncommon trap: reason=class_check action=maybe_recompile pc=0x00000000074440d8 method=sun.reflect.DelegatingConstructorAccessorImpl.newInstance([Ljava/lang/Object;)Ljava/lang/Object; @ 5
Event: 5438.970 Thread 0x000000001d99c800 Uncommon trap: reason=class_check action=maybe_recompile pc=0x00000000074440d8 method=sun.reflect.DelegatingConstructorAccessorImpl.newInstance([Ljava/lang/Object;)Ljava/lang/Object; @ 5
Event: 5439.019 Thread 0x000000001d99c800 Uncommon trap: reason=class_check action=maybe_recompile pc=0x0000000005b85884 method=org.gradle.api.internal.attributes.DefaultImmutableAttributes.findEntry(Ljava/lang/String;)Lorg/gradle/api/internal/attributes/AttributeValue; @ 21

Classes redefined (0 events):
No events

Internal exceptions (10 events):
Event: 2231.950 Thread 0x000000001a67e000 Exception <a 'java/lang/NoSuchMethodError': <clinit>> (0x00000000e199e518) thrown at [D:\src\AOSP-openjdk-cygwin\jdk8u\hotspot\src\share\vm\prims\jni.cpp, line 1614]
Event: 2231.953 Thread 0x000000001a67e000 Exception <a 'java/lang/NoSuchMethodError': <clinit>> (0x00000000e19dd670) thrown at [D:\src\AOSP-openjdk-cygwin\jdk8u\hotspot\src\share\vm\prims\jni.cpp, line 1614]
Event: 2231.953 Thread 0x000000001a67e000 Exception <a 'java/lang/NoSuchMethodError': <clinit>> (0x00000000e19e14d0) thrown at [D:\src\AOSP-openjdk-cygwin\jdk8u\hotspot\src\share\vm\prims\jni.cpp, line 1614]
Event: 2231.953 Thread 0x000000001a67e000 Exception <a 'java/lang/NoSuchMethodError': <clinit>> (0x00000000e19e2f58) thrown at [D:\src\AOSP-openjdk-cygwin\jdk8u\hotspot\src\share\vm\prims\jni.cpp, line 1614]
Event: 2231.953 Thread 0x000000001a67e000 Exception <a 'java/lang/NoSuchMethodError': <clinit>> (0x00000000e19e46a8) thrown at [D:\src\AOSP-openjdk-cygwin\jdk8u\hotspot\src\share\vm\prims\jni.cpp, line 1614]
Event: 2231.953 Thread 0x000000001a67e000 Exception <a 'java/lang/NoSuchMethodError': <clinit>> (0x00000000e19e5ca8) thrown at [D:\src\AOSP-openjdk-cygwin\jdk8u\hotspot\src\share\vm\prims\jni.cpp, line 1614]
Event: 2231.962 Thread 0x000000001a67e000 Implicit null exception at 0x0000000004709cf7 to 0x000000000470a6f5
Event: 2231.963 Thread 0x000000001a67e000 Implicit null exception at 0x0000000003b49ea3 to 0x0000000003b4a511
Event: 2232.278 Thread 0x000000001a67e000 Implicit null exception at 0x00000000054ac6ad to 0x00000000054b13f9
Event: 2234.220 Thread 0x000000001a67e000 Exception <a 'sun/nio/fs/WindowsException'> (0x00000000e75594c8) thrown at [D:\src\AOSP-openjdk-cygwin\jdk8u\hotspot\src\share\vm\prims\jni.cpp, line 710]

Events (10 events):
Event: 5438.970 Thread 0x000000001d99c800 DEOPT UNPACKING pc=0x0000000003a6557b sp=0x000000001c889a30 mode 2
Event: 5438.970 Thread 0x000000001d99c800 Uncommon trap: trap_request=0xffffffde fr.pc=0x00000000074440d8
Event: 5438.970 Thread 0x000000001d99c800 DEOPT PACKING pc=0x00000000074440d8 sp=0x000000001c889c10
Event: 5438.970 Thread 0x000000001d99c800 DEOPT UNPACKING pc=0x0000000003a6557b sp=0x000000001c889a30 mode 2
Event: 5438.970 Thread 0x000000001d99c800 Uncommon trap: trap_request=0xffffffde fr.pc=0x00000000074440d8
Event: 5438.970 Thread 0x000000001d99c800 DEOPT PACKING pc=0x00000000074440d8 sp=0x000000001c889c10
Event: 5438.970 Thread 0x000000001d99c800 DEOPT UNPACKING pc=0x0000000003a6557b sp=0x000000001c889a30 mode 2
Event: 5439.019 Thread 0x000000001d99c800 Uncommon trap: trap_request=0xffffffde fr.pc=0x0000000005b85884
Event: 5439.019 Thread 0x000000001d99c800 DEOPT PACKING pc=0x0000000005b85884 sp=0x000000001c88b2e0
Event: 5439.020 Thread 0x000000001d99c800 DEOPT UNPACKING pc=0x0000000003a6557b sp=0x000000001c88b230 mode 2


Dynamic libraries:
0x00007ff6fe850000 - 0x00007ff6fe881000 	D:\Android Studio\jre\bin\java.exe
0x00007ffce4290000 - 0x00007ffce4485000 	C:\Windows\SYSTEM32\ntdll.dll
0x00007ffce29f0000 - 0x00007ffce2aae000 	C:\Windows\System32\KERNEL32.DLL
0x00007ffce1ca0000 - 0x00007ffce1f69000 	C:\Windows\System32\KERNELBASE.dll
0x00007ffcdf190000 - 0x00007ffcdf220000 	C:\Windows\SYSTEM32\apphelp.dll
0x00007ffccfdb0000 - 0x00007ffcd031f000 	C:\Windows\System32\TSafeDoc64.dll
0x00007ffccf760000 - 0x00007ffccf862000 	C:\Windows\SYSTEM32\winhafnt64.dll
0x00007ffce2d10000 - 0x00007ffce2d7b000 	C:\Windows\System32\WS2_32.dll
0x00007ffce2d80000 - 0x00007ffce2eaa000 	C:\Windows\System32\RPCRT4.dll
0x00007ffce2660000 - 0x00007ffce2801000 	C:\Windows\System32\USER32.dll
0x00007ffce21d0000 - 0x00007ffce21f2000 	C:\Windows\System32\win32u.dll
0x00007ffce2810000 - 0x00007ffce283b000 	C:\Windows\System32\GDI32.dll
0x00007ffce3a90000 - 0x00007ffce3b3c000 	C:\Windows\System32\ADVAPI32.dll
0x00007ffce20c0000 - 0x00007ffce21cb000 	C:\Windows\System32\gdi32full.dll
0x00007ffce2400000 - 0x00007ffce249e000 	C:\Windows\System32\msvcrt.dll
0x00007ffce1b70000 - 0x00007ffce1c0d000 	C:\Windows\System32\msvcp_win.dll
0x00007ffce2840000 - 0x00007ffce28db000 	C:\Windows\System32\sechost.dll
0x00007ffce1f70000 - 0x00007ffce2070000 	C:\Windows\System32\ucrtbase.dll
0x00007ffce2f80000 - 0x00007ffce36bf000 	C:\Windows\System32\SHELL32.dll
0x00007ffce24a0000 - 0x00007ffce25ca000 	C:\Windows\System32\ole32.dll
0x00007ffcda200000 - 0x00007ffcda20a000 	C:\Windows\SYSTEM32\VERSION.dll
0x00007ffce36c0000 - 0x00007ffce3a15000 	C:\Windows\System32\combase.dll
0x00007ffccf870000 - 0x00007ffccf905000 	C:\Windows\SYSTEM32\WINSPOOL.DRV
0x00007ffce2eb0000 - 0x00007ffce2f7d000 	C:\Windows\System32\OLEAUT32.dll
0x00007ffccf740000 - 0x00007ffccf75d000 	C:\Windows\SYSTEM32\MPR.dll
0x00007ffccf960000 - 0x00007ffccfbfa000 	C:\Windows\WinSxS\amd64_microsoft.windows.common-controls_6595b64144ccf1df_6.0.19041.1110_none_60b5254171f9507e\COMCTL32.dll
0x00007ffce2ab0000 - 0x00007ffce2ae0000 	C:\Windows\System32\IMM32.DLL
0x00007ffccecb0000 - 0x00007ffccf275000 	C:\Windows\SYSTEM32\winhadnt64.dll
0x00007ffce41f0000 - 0x00007ffce4245000 	C:\Windows\System32\SHLWAPI.dll
0x00007ffce0e50000 - 0x00007ffce0f1c000 	C:\Windows\SYSTEM32\Dnsapi.dll
0x00007ffce0e00000 - 0x00007ffce0e3b000 	C:\Windows\SYSTEM32\IPHLPAPI.DLL
0x00007ffce2d00000 - 0x00007ffce2d08000 	C:\Windows\System32\NSI.dll
0x00007ffcce9c0000 - 0x00007ffccebdc000 	C:\Windows\SYSTEM32\DtFrame64.dll
0x00007ffcce740000 - 0x00007ffcce771000 	C:\Windows\SYSTEM32\TIjtdrvd64.dll
0x00007ffcce610000 - 0x00007ffcce731000 	C:\Windows\SYSTEM32\DtsFrame64.dll
0x00007ffce1160000 - 0x00007ffce11ca000 	C:\Windows\SYSTEM32\mswsock.dll
0x00007ffcce600000 - 0x00007ffcce60c000 	C:\Windows\SYSTEM32\WinUsb.dll
0x00007ffce2b00000 - 0x00007ffce2b08000 	C:\Windows\System32\psapi.dll
0x00007ffcce4c0000 - 0x00007ffcce5bc000 	C:\Windows\SYSTEM32\TMailHook64.dll
0x00007ffcb8580000 - 0x00007ffcb85af000 	C:\Windows\SYSTEM32\mapi32.dll
0x00007ffce0280000 - 0x00007ffce0292000 	C:\Windows\SYSTEM32\kernel.appcore.dll
0x0000000003490000 - 0x00000000034ad000 	C:\Windows\System32\imagehlp.dll
0x00007ffcbe240000 - 0x00007ffcbe269000 	C:\Windows\SYSTEM32\hlink.dll
0x00000000734b0000 - 0x0000000073582000 	D:\Android Studio\jre\jre\bin\msvcr100.dll
0x0000000071fb0000 - 0x00000000727f6000 	D:\Android Studio\jre\jre\bin\server\jvm.dll
0x00007ffccc390000 - 0x00007ffccc399000 	C:\Windows\SYSTEM32\WSOCK32.dll
0x00007ffcd98a0000 - 0x00007ffcd98c7000 	C:\Windows\SYSTEM32\WINMM.dll
0x00007ffcdf0f0000 - 0x00007ffcdf0ff000 	D:\Android Studio\jre\jre\bin\verify.dll
0x00007ffcdd580000 - 0x00007ffcdd5a9000 	D:\Android Studio\jre\jre\bin\java.dll
0x00007ffcdf0d0000 - 0x00007ffcdf0e6000 	D:\Android Studio\jre\jre\bin\zip.dll
0x00007ffcdfa90000 - 0x00007ffce0220000 	C:\Windows\SYSTEM32\windows.storage.dll
0x00007ffce1400000 - 0x00007ffce142c000 	C:\Windows\SYSTEM32\Wldp.dll
0x00007ffce2940000 - 0x00007ffce29ed000 	C:\Windows\System32\SHCORE.dll
0x00007ffce18f0000 - 0x00007ffce190f000 	C:\Windows\SYSTEM32\profapi.dll
0x00007ffcdd560000 - 0x00007ffcdd57a000 	D:\Android Studio\jre\jre\bin\net.dll
0x00007ffcdd540000 - 0x00007ffcdd551000 	D:\Android Studio\jre\jre\bin\nio.dll
0x00007ffcb31f0000 - 0x00007ffcb3216000 	C:\Users\admin\.gradle\native\29\windows-amd64\native-platform.dll
0x00007ffccc550000 - 0x00007ffccc55c000 	C:\Windows\SYSTEM32\secur32.dll
0x00007ffce1870000 - 0x00007ffce18a1000 	C:\Windows\SYSTEM32\SSPICLI.DLL
0x00007ffcdd530000 - 0x00007ffcdd53d000 	D:\Android Studio\jre\jre\bin\management.dll
0x00007ffce1350000 - 0x00007ffce1368000 	C:\Windows\SYSTEM32\CRYPTSP.dll
0x00007ffce0a70000 - 0x00007ffce0aa4000 	C:\Windows\system32\rsaenh.dll
0x00007ffce2200000 - 0x00007ffce2227000 	C:\Windows\System32\bcrypt.dll
0x00007ffce18b0000 - 0x00007ffce18de000 	C:\Windows\SYSTEM32\USERENV.dll
0x00007ffce1c10000 - 0x00007ffce1c93000 	C:\Windows\System32\bcryptprimitives.dll
0x00007ffce1370000 - 0x00007ffce137c000 	C:\Windows\SYSTEM32\CRYPTBASE.dll
0x00007ffcdbb90000 - 0x00007ffcdbba7000 	C:\Windows\SYSTEM32\dhcpcsvc6.DLL
0x00007ffcdbb70000 - 0x00007ffcdbb8d000 	C:\Windows\SYSTEM32\dhcpcsvc.DLL
0x00007ffcc9280000 - 0x00007ffcc9472000 	C:\Windows\SYSTEM32\winncap364.dll
0x00007ffcb9e00000 - 0x00007ffcb9e24000 	D:\Android Studio\jre\jre\bin\sunec.dll
0x00007ffcda8c0000 - 0x00007ffcda8ca000 	C:\Windows\System32\rasadhlp.dll
0x00007ffcda540000 - 0x00007ffcda5bf000 	C:\Windows\System32\fwpuclnt.dll
0x00007ffcc9f00000 - 0x00007ffcc9f0b000 	D:\Android Studio\jre\jre\bin\sunmscapi.dll
0x00007ffce19b0000 - 0x00007ffce1b06000 	C:\Windows\System32\CRYPT32.dll
0x00007ffcd96b0000 - 0x00007ffcd9894000 	C:\Windows\SYSTEM32\dbghelp.dll

VM Arguments:
jvm_args: -Xmx1536m -Dfile.encoding=GBK -Duser.country=CN -Duser.language=zh -Duser.variant 
java_command: org.gradle.launcher.daemon.bootstrap.GradleDaemon 5.4.1
java_class_path (initial): C:\Users\admin\.gradle\wrapper\dists\gradle-5.4.1-all\3221gyojl5jsh0helicew7rwx\gradle-5.4.1\lib\gradle-launcher-5.4.1.jar
Launcher Type: SUN_STANDARD

Environment Variables:
JAVA_HOME=C:\Program Files\Java\jdk1.8.0_301
PATH=C:\Program Files (x86)\Common Files\Oracle\Java\javapath;C:\Program Files\Java\jdk1.8.0_301\bin;C:\Program Files\Java\jdk1.8.0_301\jre\bin;D:\apache-maven-3.8.2\bin;C:\Windows\system32;C:\Windows;C:\Windows\System32\Wbem;C:\Windows\System32\WindowsPowerShell\v1.0\;C:\Windows\System32\OpenSSH\;C:\Program Files\TortoiseGit\bin;C:\Program Files\TortoiseSVN\bin;C:\Program Files\Git\cmd;D:\Xshell\Xshell7\;D:\Xshell\Xftp7\;;C:\Program Files (x86)\NVIDIA Corporation\PhysX\Common;C:\Program Files\NVIDIA Corporation\NVIDIA NvDLISR;D:\nodejs\;C:\Users\admin\AppData\Local\Microsoft\WindowsApps;C:\Program Files\Bandizip\;D:\VSCode\bin;C:\Users\admin\AppData\Roaming\npm
USERNAME=admin
OS=Windows_NT
PROCESSOR_IDENTIFIER=Intel64 Family 6 Model 60 Stepping 3, GenuineIntel



---------------  S Y S T E M  ---------------

OS: Windows 10.0 , 64 bit Build 19041 (10.0.19041.1202)

CPU:total 8 (initial active 8) (4 cores per cpu, 2 threads per core) family 6 model 60 stepping 3, cmov, cx8, fxsr, mmx, sse, sse2, sse3, ssse3, sse4.1, sse4.2, popcnt, avx, avx2, aes, clmul, erms, lzcnt, ht, tsc, tscinvbit, bmi1, bmi2

Memory: 4k page, physical 16708808k(7381432k free), swap 20116680k(3127092k free)

vm_info: OpenJDK 64-Bit Server VM (25.202-b03) for windows-amd64 JRE (1.8.0_202-release-1483-b03), built by "builder" with MS VC++ 10.0 (VS2010)

time: Thu Oct 14 11:00:31 2021
timezone: 中国标准时间
elapsed time: 5439 seconds (0d 1h 30m 39s)

